<?xml version="1.0" encoding="UTF-8"?>
<coverage generated="1695835598130" clover="3.2.0">
  <project timestamp="1695835598130" name="All files">
    <metrics statements="32" coveredstatements="5" conditionals="17" coveredconditionals="5" methods="12" coveredmethods="1" elements="61" coveredelements="11" complexity="0" loc="32" ncloc="32" packages="1" files="1" classes="1"/>
    <file name="index.js" path="src/index.js">
      <metrics statements="32" coveredstatements="5" conditionals="17" coveredconditionals="5" methods="12" coveredmethods="1"/>
      <line num="17" count="0" type="stmt"/>
      <line num="45" count="0" type="stmt"/>
      <line num="48" count="0" type="stmt"/>
      <line num="58" count="0" type="stmt"/>
      <line num="101" count="0" type="stmt"/>
      <line num="102" count="0" type="stmt"/>
      <line num="118" count="0" type="stmt"/>
      <line num="119" count="0" type="stmt"/>
      <line num="120" count="0" type="stmt"/>
      <line num="121" count="0" type="cond" truecount="0" falsecount="4"/>
      <line num="122" count="0" type="stmt"/>
      <line num="124" count="0" type="cond" truecount="0" falsecount="2"/>
      <line num="125" count="0" type="stmt"/>
      <line num="148" count="0" type="stmt"/>
      <line num="160" count="0" type="stmt"/>
      <line num="161" count="0" type="stmt"/>
      <line num="162" count="0" type="stmt"/>
      <line num="164" count="0" type="stmt"/>
      <line num="165" count="0" type="cond" truecount="0" falsecount="2"/>
      <line num="166" count="0" type="stmt"/>
      <line num="168" count="0" type="stmt"/>
      <line num="174" count="0" type="cond" truecount="0" falsecount="2"/>
      <line num="175" count="0" type="stmt"/>
      <line num="177" count="0" type="cond" truecount="0" falsecount="2"/>
      <line num="180" count="0" type="stmt"/>
      <line num="185" count="0" type="stmt"/>
      <line num="205" count="3" type="stmt"/>
      <line num="215" count="3" type="stmt"/>
      <line num="216" count="12" type="stmt"/>
      <line num="217" count="12" type="cond" truecount="5" falsecount="0"/>
      <line num="218" count="3" type="stmt"/>
      <line num="221" count="0" type="stmt"/>
    </file>
  </project>
</coverage>
