<?xml version="1.0" encoding="UTF-8"?>
<coverage generated="1671395438429" clover="3.2.0">
  <project timestamp="1671395438429" name="All files">
    <metrics statements="32" coveredstatements="5" conditionals="17" coveredconditionals="5" methods="12" coveredmethods="1" elements="61" coveredelements="11" complexity="0" loc="32" ncloc="32" packages="1" files="1" classes="1"/>
    <file name="index.js" path="src/index.js">
      <metrics statements="32" coveredstatements="5" conditionals="17" coveredconditionals="5" methods="12" coveredmethods="1"/>
      <line num="16" count="0" type="stmt"/>
      <line num="44" count="0" type="stmt"/>
      <line num="47" count="0" type="stmt"/>
      <line num="57" count="0" type="stmt"/>
      <line num="100" count="0" type="stmt"/>
      <line num="101" count="0" type="stmt"/>
      <line num="117" count="0" type="stmt"/>
      <line num="118" count="0" type="stmt"/>
      <line num="119" count="0" type="stmt"/>
      <line num="120" count="0" type="cond" truecount="0" falsecount="4"/>
      <line num="121" count="0" type="stmt"/>
      <line num="123" count="0" type="cond" truecount="0" falsecount="2"/>
      <line num="124" count="0" type="stmt"/>
      <line num="147" count="0" type="stmt"/>
      <line num="159" count="0" type="stmt"/>
      <line num="160" count="0" type="stmt"/>
      <line num="161" count="0" type="stmt"/>
      <line num="163" count="0" type="stmt"/>
      <line num="164" count="0" type="cond" truecount="0" falsecount="2"/>
      <line num="165" count="0" type="stmt"/>
      <line num="167" count="0" type="stmt"/>
      <line num="173" count="0" type="cond" truecount="0" falsecount="2"/>
      <line num="174" count="0" type="stmt"/>
      <line num="176" count="0" type="cond" truecount="0" falsecount="2"/>
      <line num="179" count="0" type="stmt"/>
      <line num="184" count="0" type="stmt"/>
      <line num="204" count="3" type="stmt"/>
      <line num="214" count="3" type="stmt"/>
      <line num="215" count="12" type="stmt"/>
      <line num="216" count="12" type="cond" truecount="5" falsecount="0"/>
      <line num="217" count="3" type="stmt"/>
      <line num="220" count="0" type="stmt"/>
    </file>
  </project>
</coverage>
