{"src/index.js": {"path":"src/index.js","statementMap":{"0":{"start":{"line":17,"column":2},"end":{"line":21,"column":4}},"1":{"start":{"line":45,"column":4},"end":{"line":50,"column":6}},"2":{"start":{"line":48,"column":23},"end":{"line":48,"column":44}},"3":{"start":{"line":58,"column":4},"end":{"line":76,"column":6}},"4":{"start":{"line":101,"column":4},"end":{"line":101,"column":17}},"5":{"start":{"line":102,"column":4},"end":{"line":108,"column":6}},"6":{"start":{"line":118,"column":20},"end":{"line":118,"column":74}},"7":{"start":{"line":119,"column":20},"end":{"line":119,"column":47}},"8":{"start":{"line":120,"column":20},"end":{"line":120,"column":43}},"9":{"start":{"line":121,"column":4},"end":{"line":123,"column":5}},"10":{"start":{"line":122,"column":6},"end":{"line":122,"column":13}},"11":{"start":{"line":124,"column":4},"end":{"line":124,"column":48}},"12":{"start":{"line":125,"column":4},"end":{"line":131,"column":7}},"13":{"start":{"line":148,"column":4},"end":{"line":151,"column":7}},"14":{"start":{"line":160,"column":20},"end":{"line":160,"column":38}},"15":{"start":{"line":161,"column":20},"end":{"line":161,"column":50}},"16":{"start":{"line":162,"column":19},"end":{"line":162,"column":51}},"17":{"start":{"line":164,"column":18},"end":{"line":171,"column":6}},"18":{"start":{"line":165,"column":19},"end":{"line":165,"column":68}},"19":{"start":{"line":166,"column":6},"end":{"line":170,"column":8}},"20":{"start":{"line":168,"column":33},"end":{"line":168,"column":50}},"21":{"start":{"line":174,"column":4},"end":{"line":178,"column":5}},"22":{"start":{"line":175,"column":6},"end":{"line":175,"column":35}},"23":{"start":{"line":177,"column":6},"end":{"line":177,"column":66}},"24":{"start":{"line":180,"column":4},"end":{"line":193,"column":6}},"25":{"start":{"line":185,"column":28},"end":{"line":185,"column":47}},"26":{"start":{"line":205,"column":16},"end":{"line":214,"column":3}},"27":{"start":{"line":215,"column":2},"end":{"line":220,"column":3}},"28":{"start":{"line":215,"column":15},"end":{"line":215,"column":16}},"29":{"start":{"line":216,"column":22},"end":{"line":216,"column":30}},"30":{"start":{"line":217,"column":4},"end":{"line":219,"column":5}},"31":{"start":{"line":218,"column":6},"end":{"line":218,"column":24}},"32":{"start":{"line":221,"column":2},"end":{"line":221,"column":14}}},"fnMap":{"0":{"name":"Square","decl":{"start":{"line":16,"column":9},"end":{"line":16,"column":15}},"loc":{"start":{"line":16,"column":23},"end":{"line":22,"column":1}},"line":16},"1":{"name":"(anonymous_1)","decl":{"start":{"line":44,"column":2},"end":{"line":44,"column":3}},"loc":{"start":{"line":44,"column":18},"end":{"line":51,"column":3}},"line":44},"2":{"name":"(anonymous_2)","decl":{"start":{"line":48,"column":17},"end":{"line":48,"column":18}},"loc":{"start":{"line":48,"column":23},"end":{"line":48,"column":44}},"line":48},"3":{"name":"(anonymous_3)","decl":{"start":{"line":57,"column":2},"end":{"line":57,"column":3}},"loc":{"start":{"line":57,"column":11},"end":{"line":77,"column":3}},"line":57},"4":{"name":"(anonymous_4)","decl":{"start":{"line":100,"column":2},"end":{"line":100,"column":3}},"loc":{"start":{"line":100,"column":21},"end":{"line":109,"column":3}},"line":100},"5":{"name":"(anonymous_5)","decl":{"start":{"line":117,"column":2},"end":{"line":117,"column":3}},"loc":{"start":{"line":117,"column":17},"end":{"line":132,"column":3}},"line":117},"6":{"name":"(anonymous_6)","decl":{"start":{"line":147,"column":2},"end":{"line":147,"column":3}},"loc":{"start":{"line":147,"column":15},"end":{"line":152,"column":3}},"line":147},"7":{"name":"(anonymous_7)","decl":{"start":{"line":159,"column":2},"end":{"line":159,"column":3}},"loc":{"start":{"line":159,"column":11},"end":{"line":194,"column":3}},"line":159},"8":{"name":"(anonymous_8)","decl":{"start":{"line":164,"column":30},"end":{"line":164,"column":31}},"loc":{"start":{"line":164,"column":46},"end":{"line":171,"column":5}},"line":164},"9":{"name":"(anonymous_9)","decl":{"start":{"line":168,"column":27},"end":{"line":168,"column":28}},"loc":{"start":{"line":168,"column":33},"end":{"line":168,"column":50}},"line":168},"10":{"name":"(anonymous_10)","decl":{"start":{"line":185,"column":21},"end":{"line":185,"column":22}},"loc":{"start":{"line":185,"column":28},"end":{"line":185,"column":47}},"line":185},"11":{"name":"calculateWinner","decl":{"start":{"line":204,"column":9},"end":{"line":204,"column":24}},"loc":{"start":{"line":204,"column":34},"end":{"line":222,"column":1}},"line":204}},"branchMap":{"0":{"loc":{"start":{"line":121,"column":4},"end":{"line":123,"column":5}},"type":"if","locations":[{"start":{"line":121,"column":4},"end":{"line":123,"column":5}},{"start":{},"end":{}}],"line":121},"1":{"loc":{"start":{"line":121,"column":8},"end":{"line":121,"column":46}},"type":"binary-expr","locations":[{"start":{"line":121,"column":8},"end":{"line":121,"column":32}},{"start":{"line":121,"column":36},"end":{"line":121,"column":46}}],"line":121},"2":{"loc":{"start":{"line":124,"column":17},"end":{"line":124,"column":47}},"type":"cond-expr","locations":[{"start":{"line":124,"column":38},"end":{"line":124,"column":41}},{"start":{"line":124,"column":44},"end":{"line":124,"column":47}}],"line":124},"3":{"loc":{"start":{"line":165,"column":19},"end":{"line":165,"column":68}},"type":"cond-expr","locations":[{"start":{"line":165,"column":26},"end":{"line":165,"column":47}},{"start":{"line":165,"column":50},"end":{"line":165,"column":68}}],"line":165},"4":{"loc":{"start":{"line":174,"column":4},"end":{"line":178,"column":5}},"type":"if","locations":[{"start":{"line":174,"column":4},"end":{"line":178,"column":5}},{"start":{"line":176,"column":11},"end":{"line":178,"column":5}}],"line":174},"5":{"loc":{"start":{"line":177,"column":34},"end":{"line":177,"column":64}},"type":"cond-expr","locations":[{"start":{"line":177,"column":55},"end":{"line":177,"column":58}},{"start":{"line":177,"column":61},"end":{"line":177,"column":64}}],"line":177},"6":{"loc":{"start":{"line":217,"column":4},"end":{"line":219,"column":5}},"type":"if","locations":[{"start":{"line":217,"column":4},"end":{"line":219,"column":5}},{"start":{},"end":{}}],"line":217},"7":{"loc":{"start":{"line":217,"column":8},"end":{"line":217,"column":76}},"type":"binary-expr","locations":[{"start":{"line":217,"column":8},"end":{"line":217,"column":18}},{"start":{"line":217,"column":22},"end":{"line":217,"column":47}},{"start":{"line":217,"column":51},"end":{"line":217,"column":76}}],"line":217}},"s":{"0":0,"1":0,"2":0,"3":0,"4":0,"5":0,"6":0,"7":0,"8":0,"9":0,"10":0,"11":0,"12":0,"13":0,"14":0,"15":0,"16":0,"17":0,"18":0,"19":0,"20":0,"21":0,"22":0,"23":0,"24":0,"25":0,"26":3,"27":3,"28":3,"29":12,"30":12,"31":3,"32":0},"f":{"0":0,"1":0,"2":0,"3":0,"4":0,"5":0,"6":0,"7":0,"8":0,"9":0,"10":0,"11":3},"b":{"0":[0,0],"1":[0,0],"2":[0,0],"3":[0,0],"4":[0,0],"5":[0,0],"6":[3,9],"7":[12,10,3]},"_coverageSchema":"1a1c01bbd47fc00a2c39e90264f33305004495a9","hash":"35d87be1ed0d1a9a934f7e3e4476fdeeab87ebac"}
}
