TN:
SF:src/index.js
FN:15,Square
FN:43,(anonymous_1)
FN:47,(anonymous_2)
FN:56,(anonymous_3)
FN:99,(anonymous_4)
FN:116,(anonymous_5)
FN:146,(anonymous_6)
FN:158,(anonymous_7)
FN:163,(anonymous_8)
FN:167,(anonymous_9)
FN:184,(anonymous_10)
FN:203,calculateWinner
FNF:12
FNH:1
FNDA:0,Square
FNDA:0,(anonymous_1)
FNDA:0,(anonymous_2)
FNDA:0,(anonymous_3)
FNDA:0,(anonymous_4)
FNDA:0,(anonymous_5)
FNDA:0,(anonymous_6)
FNDA:0,(anonymous_7)
FNDA:0,(anonymous_8)
FNDA:0,(anonymous_9)
FNDA:0,(anonymous_10)
FNDA:3,calculateWinner
DA:16,0
DA:44,0
DA:47,0
DA:57,0
DA:100,0
DA:101,0
DA:117,0
DA:118,0
DA:119,0
DA:120,0
DA:121,0
DA:123,0
DA:124,0
DA:147,0
DA:159,0
DA:160,0
DA:161,0
DA:163,0
DA:164,0
DA:165,0
DA:167,0
DA:173,0
DA:174,0
DA:176,0
DA:179,0
DA:184,0
DA:204,3
DA:214,3
DA:215,12
DA:216,12
DA:217,3
DA:220,0
LF:32
LH:5
BRDA:120,0,0,0
BRDA:120,0,1,0
BRDA:120,1,0,0
BRDA:120,1,1,0
BRDA:123,2,0,0
BRDA:123,2,1,0
BRDA:164,3,0,0
BRDA:164,3,1,0
BRDA:173,4,0,0
BRDA:173,4,1,0
BRDA:176,5,0,0
BRDA:176,5,1,0
BRDA:216,6,0,3
BRDA:216,6,1,9
BRDA:216,7,0,12
BRDA:216,7,1,10
BRDA:216,7,2,3
BRF:17
BRH:5
end_of_record
