TN:
SF:src/index.js
FN:16,Square
FN:44,(anonymous_1)
FN:48,(anonymous_2)
FN:57,(anonymous_3)
FN:100,(anonymous_4)
FN:117,(anonymous_5)
FN:147,(anonymous_6)
FN:159,(anonymous_7)
FN:164,(anonymous_8)
FN:168,(anonymous_9)
FN:185,(anonymous_10)
FN:204,calculateWinner
FNF:12
FNH:1
FNDA:0,Square
FNDA:0,(anonymous_1)
FNDA:0,(anonymous_2)
FNDA:0,(anonymous_3)
FNDA:0,(anonymous_4)
FNDA:0,(anonymous_5)
FNDA:0,(anonymous_6)
FNDA:0,(anonymous_7)
FNDA:0,(anonymous_8)
FNDA:0,(anonymous_9)
FNDA:0,(anonymous_10)
FNDA:3,calculateWinner
DA:17,0
DA:45,0
DA:48,0
DA:58,0
DA:101,0
DA:102,0
DA:118,0
DA:119,0
DA:120,0
DA:121,0
DA:122,0
DA:124,0
DA:125,0
DA:148,0
DA:160,0
DA:161,0
DA:162,0
DA:164,0
DA:165,0
DA:166,0
DA:168,0
DA:174,0
DA:175,0
DA:177,0
DA:180,0
DA:185,0
DA:205,3
DA:215,3
DA:216,12
DA:217,12
DA:218,3
DA:221,0
LF:32
LH:5
BRDA:121,0,0,0
BRDA:121,0,1,0
BRDA:121,1,0,0
BRDA:121,1,1,0
BRDA:124,2,0,0
BRDA:124,2,1,0
BRDA:165,3,0,0
BRDA:165,3,1,0
BRDA:174,4,0,0
BRDA:174,4,1,0
BRDA:177,5,0,0
BRDA:177,5,1,0
BRDA:217,6,0,3
BRDA:217,6,1,9
BRDA:217,7,0,12
BRDA:217,7,1,10
BRDA:217,7,2,3
BRF:17
BRH:5
end_of_record
