<?xml version="1.0" encoding="UTF-8"?>
<coverage generated="1658642908655" clover="3.2.0">
  <project timestamp="1658642908655" name="All files">
    <metrics statements="62" coveredstatements="62" conditionals="33" coveredconditionals="31" methods="4" coveredmethods="4" elements="99" coveredelements="97" complexity="0" loc="62" ncloc="62" packages="1" files="2" classes="2"/>
    <file name="failerror.js" path="failerror.js">
      <metrics statements="5" coveredstatements="5" conditionals="1" coveredconditionals="0" methods="1" coveredmethods="1"/>
      <line num="12" count="1" type="stmt"/>
      <line num="14" count="1" type="stmt"/>
      <line num="15" count="3" type="stmt"/>
      <line num="18" count="1" type="stmt"/>
      <line num="21" count="1" type="stmt"/>
    </file>
    <file name="stringutil.js" path="stringutil.js">
      <metrics statements="57" coveredstatements="57" conditionals="32" coveredconditionals="31" methods="3" coveredmethods="3"/>
      <line num="20" count="61" type="cond" truecount="2" falsecount="0"/>
      <line num="21" count="10" type="stmt"/>
      <line num="23" count="61" type="stmt"/>
      <line num="24" count="61" type="stmt"/>
      <line num="26" count="61" type="cond" truecount="4" falsecount="0"/>
      <line num="27" count="56" type="stmt"/>
      <line num="28" count="56" type="stmt"/>
      <line num="29" count="130" type="stmt"/>
      <line num="30" count="130" type="stmt"/>
      <line num="34" count="61" type="stmt"/>
      <line num="55" count="6" type="stmt"/>
      <line num="56" count="6" type="stmt"/>
      <line num="57" count="6" type="stmt"/>
      <line num="58" count="6" type="stmt"/>
      <line num="59" count="6" type="stmt"/>
      <line num="60" count="6" type="stmt"/>
      <line num="62" count="6" type="stmt"/>
      <line num="64" count="6" type="stmt"/>
      <line num="65" count="6" type="stmt"/>
      <line num="66" count="6" type="stmt"/>
      <line num="67" count="6" type="stmt"/>
      <line num="68" count="6" type="stmt"/>
      <line num="69" count="6" type="stmt"/>
      <line num="71" count="6" type="stmt"/>
      <line num="97" count="8" type="stmt"/>
      <line num="98" count="8" type="stmt"/>
      <line num="99" count="8" type="stmt"/>
      <line num="101" count="8" type="stmt"/>
      <line num="102" count="89" type="stmt"/>
      <line num="103" count="89" type="cond" truecount="8" falsecount="0"/>
      <line num="105" count="42" type="stmt"/>
      <line num="106" count="42" type="stmt"/>
      <line num="107" count="42" type="stmt"/>
      <line num="109" count="42" type="cond" truecount="2" falsecount="0"/>
      <line num="110" count="7" type="stmt"/>
      <line num="112" count="7" type="cond" truecount="2" falsecount="0"/>
      <line num="113" count="2" type="stmt"/>
      <line num="116" count="35" type="cond" truecount="2" falsecount="0"/>
      <line num="117" count="7" type="stmt"/>
      <line num="118" count="28" type="cond" truecount="2" falsecount="0"/>
      <line num="119" count="7" type="stmt"/>
      <line num="120" count="21" type="cond" truecount="2" falsecount="0"/>
      <line num="121" count="7" type="stmt"/>
      <line num="122" count="14" type="cond" truecount="2" falsecount="0"/>
      <line num="123" count="7" type="stmt"/>
      <line num="124" count="7" type="cond" truecount="1" falsecount="1"/>
      <line num="125" count="7" type="stmt"/>
      <line num="129" count="42" type="cond" truecount="2" falsecount="0"/>
      <line num="130" count="18" type="stmt"/>
      <line num="132" count="42" type="stmt"/>
      <line num="133" count="42" type="stmt"/>
      <line num="135" count="47" type="stmt"/>
      <line num="136" count="47" type="stmt"/>
      <line num="140" count="8" type="stmt"/>
      <line num="143" count="1" type="stmt"/>
      <line num="144" count="1" type="stmt"/>
      <line num="145" count="1" type="stmt"/>
    </file>
  </project>
</coverage>
