<?xml version="1.0" encoding="UTF-8"?>
<coverage generated="1720030732637" clover="3.2.0">
  <project timestamp="1720030732637" name="All files">
    <metrics statements="61" coveredstatements="61" conditionals="33" coveredconditionals="31" methods="4" coveredmethods="4" elements="98" coveredelements="96" complexity="0" loc="61" ncloc="61" packages="1" files="2" classes="2"/>
    <file name="failerror.js" path="failerror.js">
      <metrics statements="5" coveredstatements="5" conditionals="1" coveredconditionals="0" methods="1" coveredmethods="1"/>
      <line num="18" count="1" type="stmt"/>
      <line num="20" count="1" type="stmt"/>
      <line num="21" count="3" type="stmt"/>
      <line num="24" count="1" type="stmt"/>
      <line num="27" count="1" type="stmt"/>
    </file>
    <file name="stringutil.js" path="stringutil.js">
      <metrics statements="56" coveredstatements="56" conditionals="32" coveredconditionals="31" methods="3" coveredmethods="3"/>
      <line num="21" count="61" type="cond" truecount="2" falsecount="0"/>
      <line num="22" count="10" type="stmt"/>
      <line num="24" count="61" type="stmt"/>
      <line num="25" count="61" type="stmt"/>
      <line num="27" count="61" type="cond" truecount="4" falsecount="0"/>
      <line num="28" count="56" type="stmt"/>
      <line num="29" count="56" type="stmt"/>
      <line num="30" count="130" type="stmt"/>
      <line num="31" count="130" type="stmt"/>
      <line num="35" count="61" type="stmt"/>
      <line num="56" count="6" type="stmt"/>
      <line num="57" count="6" type="stmt"/>
      <line num="58" count="6" type="stmt"/>
      <line num="59" count="6" type="stmt"/>
      <line num="60" count="6" type="stmt"/>
      <line num="61" count="6" type="stmt"/>
      <line num="63" count="6" type="stmt"/>
      <line num="65" count="6" type="stmt"/>
      <line num="66" count="6" type="stmt"/>
      <line num="67" count="6" type="stmt"/>
      <line num="68" count="6" type="stmt"/>
      <line num="69" count="6" type="stmt"/>
      <line num="70" count="6" type="stmt"/>
      <line num="72" count="6" type="stmt"/>
      <line num="98" count="8" type="stmt"/>
      <line num="99" count="8" type="stmt"/>
      <line num="100" count="8" type="stmt"/>
      <line num="102" count="8" type="stmt"/>
      <line num="103" count="89" type="stmt"/>
      <line num="104" count="89" type="cond" truecount="8" falsecount="0"/>
      <line num="106" count="42" type="stmt"/>
      <line num="107" count="42" type="stmt"/>
      <line num="108" count="42" type="stmt"/>
      <line num="110" count="42" type="cond" truecount="2" falsecount="0"/>
      <line num="111" count="7" type="stmt"/>
      <line num="113" count="7" type="cond" truecount="2" falsecount="0"/>
      <line num="114" count="2" type="stmt"/>
      <line num="117" count="35" type="cond" truecount="2" falsecount="0"/>
      <line num="118" count="7" type="stmt"/>
      <line num="119" count="28" type="cond" truecount="2" falsecount="0"/>
      <line num="120" count="7" type="stmt"/>
      <line num="121" count="21" type="cond" truecount="2" falsecount="0"/>
      <line num="122" count="7" type="stmt"/>
      <line num="123" count="14" type="cond" truecount="2" falsecount="0"/>
      <line num="124" count="7" type="stmt"/>
      <line num="125" count="7" type="cond" truecount="1" falsecount="1"/>
      <line num="126" count="7" type="stmt"/>
      <line num="130" count="42" type="cond" truecount="2" falsecount="0"/>
      <line num="131" count="18" type="stmt"/>
      <line num="133" count="42" type="stmt"/>
      <line num="134" count="42" type="stmt"/>
      <line num="136" count="47" type="stmt"/>
      <line num="137" count="47" type="stmt"/>
      <line num="141" count="8" type="stmt"/>
      <line num="145" count="1" type="stmt"/>
      <line num="146" count="1" type="stmt"/>
    </file>
  </project>
</coverage>
