{"failerror.js": {"path":"failerror.js","statementMap":{"0":{"start":{"line":18,"column":11},"end":{"line":18,"column":13}},"1":{"start":{"line":20,"column":4},"end":{"line":22,"column":5}},"2":{"start":{"line":21,"column":8},"end":{"line":21,"column":27}},"3":{"start":{"line":24,"column":1},"end":{"line":24,"column":12}},"4":{"start":{"line":27,"column":0},"end":{"line":27,"column":30}}},"fnMap":{"0":{"name":"substring","decl":{"start":{"line":17,"column":9},"end":{"line":17,"column":18}},"loc":{"start":{"line":17,"column":57},"end":{"line":25,"column":1}},"line":17}},"branchMap":{"0":{"loc":{"start":{"line":17,"column":36},"end":{"line":17,"column":55}},"type":"default-arg","locations":[{"start":{"line":17,"column":45},"end":{"line":17,"column":55}}],"line":17}},"s":{"0":1,"1":1,"2":3,"3":1,"4":1},"f":{"0":1},"b":{"0":[0]},"_coverageSchema":"1a1c01bbd47fc00a2c39e90264f33305004495a9","hash":"4449d314fa73435af6ed0bfa81349b4444a5bac8"}
,"stringutil.js": {"path":"stringutil.js","statementMap":{"0":{"start":{"line":21,"column":4},"end":{"line":23,"column":5}},"1":{"start":{"line":22,"column":5},"end":{"line":22,"column":25}},"2":{"start":{"line":24,"column":14},"end":{"line":24,"column":40}},"3":{"start":{"line":25,"column":16},"end":{"line":25,"column":17}},"4":{"start":{"line":27,"column":4},"end":{"line":33,"column":5}},"5":{"start":{"line":28,"column":19},"end":{"line":28,"column":22}},"6":{"start":{"line":29,"column":5},"end":{"line":32,"column":6}},"7":{"start":{"line":30,"column":6},"end":{"line":30,"column":17}},"8":{"start":{"line":31,"column":6},"end":{"line":31,"column":58}},"9":{"start":{"line":35,"column":4},"end":{"line":35,"column":24}},"10":{"start":{"line":56,"column":18},"end":{"line":56,"column":57}},"11":{"start":{"line":57,"column":19},"end":{"line":57,"column":59}},"12":{"start":{"line":58,"column":18},"end":{"line":58,"column":51}},"13":{"start":{"line":59,"column":19},"end":{"line":59,"column":53}},"14":{"start":{"line":60,"column":21},"end":{"line":60,"column":57}},"15":{"start":{"line":61,"column":21},"end":{"line":61,"column":57}},"16":{"start":{"line":63,"column":24},"end":{"line":63,"column":30}},"17":{"start":{"line":65,"column":4},"end":{"line":65,"column":59}},"18":{"start":{"line":66,"column":4},"end":{"line":66,"column":58}},"19":{"start":{"line":67,"column":4},"end":{"line":67,"column":57}},"20":{"start":{"line":68,"column":4},"end":{"line":68,"column":58}},"21":{"start":{"line":69,"column":4},"end":{"line":69,"column":60}},"22":{"start":{"line":70,"column":4},"end":{"line":70,"column":60}},"23":{"start":{"line":72,"column":4},"end":{"line":72,"column":25}},"24":{"start":{"line":98,"column":20},"end":{"line":98,"column":22}},"25":{"start":{"line":99,"column":16},"end":{"line":99,"column":17}},"26":{"start":{"line":100,"column":14},"end":{"line":100,"column":27}},"27":{"start":{"line":102,"column":4},"end":{"line":139,"column":5}},"28":{"start":{"line":103,"column":16},"end":{"line":103,"column":36}},"29":{"start":{"line":104,"column":8},"end":{"line":138,"column":9}},"30":{"start":{"line":106,"column":27},"end":{"line":106,"column":47}},"31":{"start":{"line":107,"column":24},"end":{"line":107,"column":70}},"32":{"start":{"line":108,"column":24},"end":{"line":108,"column":32}},"33":{"start":{"line":110,"column":12},"end":{"line":128,"column":13}},"34":{"start":{"line":111,"column":16},"end":{"line":111,"column":49}},"35":{"start":{"line":113,"column":16},"end":{"line":115,"column":17}},"36":{"start":{"line":114,"column":20},"end":{"line":114,"column":72}},"37":{"start":{"line":117,"column":16},"end":{"line":127,"column":17}},"38":{"start":{"line":118,"column":20},"end":{"line":118,"column":54}},"39":{"start":{"line":119,"column":23},"end":{"line":127,"column":17}},"40":{"start":{"line":120,"column":20},"end":{"line":120,"column":49}},"41":{"start":{"line":121,"column":23},"end":{"line":127,"column":17}},"42":{"start":{"line":122,"column":20},"end":{"line":122,"column":50}},"43":{"start":{"line":123,"column":23},"end":{"line":127,"column":17}},"44":{"start":{"line":124,"column":20},"end":{"line":124,"column":52}},"45":{"start":{"line":125,"column":23},"end":{"line":127,"column":17}},"46":{"start":{"line":126,"column":20},"end":{"line":126,"column":52}},"47":{"start":{"line":130,"column":12},"end":{"line":132,"column":13}},"48":{"start":{"line":131,"column":16},"end":{"line":131,"column":59}},"49":{"start":{"line":133,"column":12},"end":{"line":133,"column":40}},"50":{"start":{"line":134,"column":12},"end":{"line":134,"column":34}},"51":{"start":{"line":136,"column":12},"end":{"line":136,"column":57}},"52":{"start":{"line":137,"column":12},"end":{"line":137,"column":23}},"53":{"start":{"line":141,"column":4},"end":{"line":141,"column":21}},"54":{"start":{"line":145,"column":0},"end":{"line":145,"column":44}},"55":{"start":{"line":146,"column":0},"end":{"line":146,"column":32}}},"fnMap":{"0":{"name":"findStringRepeat","decl":{"start":{"line":20,"column":9},"end":{"line":20,"column":25}},"loc":{"start":{"line":20,"column":56},"end":{"line":36,"column":1}},"line":20},"1":{"name":"formatDateSimple","decl":{"start":{"line":55,"column":9},"end":{"line":55,"column":25}},"loc":{"start":{"line":55,"column":40},"end":{"line":73,"column":1}},"line":55},"2":{"name":"formatDate","decl":{"start":{"line":97,"column":9},"end":{"line":97,"column":19}},"loc":{"start":{"line":97,"column":34},"end":{"line":142,"column":1}},"line":97}},"branchMap":{"0":{"loc":{"start":{"line":20,"column":39},"end":{"line":20,"column":46}},"type":"default-arg","locations":[{"start":{"line":20,"column":45},"end":{"line":20,"column":46}}],"line":20},"1":{"loc":{"start":{"line":20,"column":48},"end":{"line":20,"column":54}},"type":"default-arg","locations":[{"start":{"line":20,"column":52},"end":{"line":20,"column":54}}],"line":20},"2":{"loc":{"start":{"line":21,"column":4},"end":{"line":23,"column":5}},"type":"if","locations":[{"start":{"line":21,"column":4},"end":{"line":23,"column":5}},{"start":{},"end":{}}],"line":21},"3":{"loc":{"start":{"line":27,"column":4},"end":{"line":33,"column":5}},"type":"if","locations":[{"start":{"line":27,"column":4},"end":{"line":33,"column":5}},{"start":{},"end":{}}],"line":27},"4":{"loc":{"start":{"line":27,"column":8},"end":{"line":27,"column":29}},"type":"binary-expr","locations":[{"start":{"line":27,"column":8},"end":{"line":27,"column":16}},{"start":{"line":27,"column":20},"end":{"line":27,"column":29}}],"line":27},"5":{"loc":{"start":{"line":104,"column":8},"end":{"line":138,"column":9}},"type":"if","locations":[{"start":{"line":104,"column":8},"end":{"line":138,"column":9}},{"start":{"line":135,"column":15},"end":{"line":138,"column":9}}],"line":104},"6":{"loc":{"start":{"line":104,"column":12},"end":{"line":105,"column":28}},"type":"binary-expr","locations":[{"start":{"line":104,"column":12},"end":{"line":104,"column":21}},{"start":{"line":104,"column":25},"end":{"line":104,"column":34}},{"start":{"line":104,"column":38},"end":{"line":104,"column":47}},{"start":{"line":104,"column":51},"end":{"line":104,"column":60}},{"start":{"line":104,"column":64},"end":{"line":104,"column":73}},{"start":{"line":105,"column":19},"end":{"line":105,"column":28}}],"line":104},"7":{"loc":{"start":{"line":110,"column":12},"end":{"line":128,"column":13}},"type":"if","locations":[{"start":{"line":110,"column":12},"end":{"line":128,"column":13}},{"start":{"line":116,"column":19},"end":{"line":128,"column":13}}],"line":110},"8":{"loc":{"start":{"line":113,"column":16},"end":{"line":115,"column":17}},"type":"if","locations":[{"start":{"line":113,"column":16},"end":{"line":115,"column":17}},{"start":{},"end":{}}],"line":113},"9":{"loc":{"start":{"line":117,"column":16},"end":{"line":127,"column":17}},"type":"if","locations":[{"start":{"line":117,"column":16},"end":{"line":127,"column":17}},{"start":{"line":119,"column":23},"end":{"line":127,"column":17}}],"line":117},"10":{"loc":{"start":{"line":119,"column":23},"end":{"line":127,"column":17}},"type":"if","locations":[{"start":{"line":119,"column":23},"end":{"line":127,"column":17}},{"start":{"line":121,"column":23},"end":{"line":127,"column":17}}],"line":119},"11":{"loc":{"start":{"line":121,"column":23},"end":{"line":127,"column":17}},"type":"if","locations":[{"start":{"line":121,"column":23},"end":{"line":127,"column":17}},{"start":{"line":123,"column":23},"end":{"line":127,"column":17}}],"line":121},"12":{"loc":{"start":{"line":123,"column":23},"end":{"line":127,"column":17}},"type":"if","locations":[{"start":{"line":123,"column":23},"end":{"line":127,"column":17}},{"start":{"line":125,"column":23},"end":{"line":127,"column":17}}],"line":123},"13":{"loc":{"start":{"line":125,"column":23},"end":{"line":127,"column":17}},"type":"if","locations":[{"start":{"line":125,"column":23},"end":{"line":127,"column":17}},{"start":{},"end":{}}],"line":125},"14":{"loc":{"start":{"line":130,"column":12},"end":{"line":132,"column":13}},"type":"if","locations":[{"start":{"line":130,"column":12},"end":{"line":132,"column":13}},{"start":{},"end":{}}],"line":130}},"s":{"0":61,"1":10,"2":61,"3":61,"4":61,"5":56,"6":56,"7":130,"8":130,"9":61,"10":6,"11":6,"12":6,"13":6,"14":6,"15":6,"16":6,"17":6,"18":6,"19":6,"20":6,"21":6,"22":6,"23":6,"24":8,"25":8,"26":8,"27":8,"28":89,"29":89,"30":42,"31":42,"32":42,"33":42,"34":7,"35":7,"36":2,"37":35,"38":7,"39":28,"40":7,"41":21,"42":7,"43":14,"44":7,"45":7,"46":7,"47":42,"48":18,"49":42,"50":42,"51":47,"52":47,"53":8,"54":1,"55":1},"f":{"0":61,"1":6,"2":8},"b":{"0":[5],"1":[10],"2":[10,51],"3":[56,5],"4":[61,56],"5":[42,47],"6":[89,82,75,68,61,54],"7":[7,35],"8":[2,5],"9":[7,28],"10":[7,21],"11":[7,14],"12":[7,7],"13":[7,0],"14":[18,24]},"_coverageSchema":"1a1c01bbd47fc00a2c39e90264f33305004495a9","hash":"d8578cb3dfc1428576e6a7e2ca1e937e0a8f21a4"}
}
