TN:
SF:failerror.js
FN:11,substring
FNF:1
FNH:1
FNDA:1,substring
DA:12,1
DA:14,1
DA:15,3
DA:18,1
DA:21,1
LF:5
LH:5
BRDA:11,0,0,0
BRF:1
BRH:0
end_of_record
TN:
SF:stringutil.js
FN:19,findStringRepeat
FN:54,formatDateSimple
FN:96,formatDate
FNF:3
FNH:3
FNDA:61,findStringRepeat
FNDA:6,formatDateSimple
FNDA:8,formatDate
DA:20,61
DA:21,10
DA:23,61
DA:24,61
DA:26,61
DA:27,56
DA:28,56
DA:29,130
DA:30,130
DA:34,61
DA:55,6
DA:56,6
DA:57,6
DA:58,6
DA:59,6
DA:60,6
DA:62,6
DA:64,6
DA:65,6
DA:66,6
DA:67,6
DA:68,6
DA:69,6
DA:71,6
DA:97,8
DA:98,8
DA:99,8
DA:101,8
DA:102,89
DA:103,89
DA:105,42
DA:106,42
DA:107,42
DA:109,42
DA:110,7
DA:112,7
DA:113,2
DA:116,35
DA:117,7
DA:118,28
DA:119,7
DA:120,21
DA:121,7
DA:122,14
DA:123,7
DA:124,7
DA:125,7
DA:129,42
DA:130,18
DA:132,42
DA:133,42
DA:135,47
DA:136,47
DA:140,8
DA:144,1
DA:145,1
LF:56
LH:56
BRDA:19,0,0,5
BRDA:19,1,0,10
BRDA:20,2,0,10
BRDA:20,2,1,51
BRDA:26,3,0,56
BRDA:26,3,1,5
BRDA:26,4,0,61
BRDA:26,4,1,56
BRDA:103,5,0,42
BRDA:103,5,1,47
BRDA:103,6,0,89
BRDA:103,6,1,82
BRDA:103,6,2,75
BRDA:103,6,3,68
BRDA:103,6,4,61
BRDA:103,6,5,54
BRDA:109,7,0,7
BRDA:109,7,1,35
BRDA:112,8,0,2
BRDA:112,8,1,5
BRDA:116,9,0,7
BRDA:116,9,1,28
BRDA:118,10,0,7
BRDA:118,10,1,21
BRDA:120,11,0,7
BRDA:120,11,1,14
BRDA:122,12,0,7
BRDA:122,12,1,7
BRDA:124,13,0,7
BRDA:124,13,1,0
BRDA:129,14,0,18
BRDA:129,14,1,24
BRF:32
BRH:31
end_of_record
