TN:
SF:failerror.js
FN:17,substring
FNF:1
FNH:1
FNDA:1,substring
DA:18,1
DA:20,1
DA:21,3
DA:24,1
DA:27,1
LF:5
LH:5
BRDA:17,0,0,0
BRF:1
BRH:0
end_of_record
TN:
SF:stringutil.js
FN:20,findStringRepeat
FN:55,formatDateSimple
FN:97,formatDate
FNF:3
FNH:3
FNDA:61,findStringRepeat
FNDA:6,formatDateSimple
FNDA:8,formatDate
DA:21,61
DA:22,10
DA:24,61
DA:25,61
DA:27,61
DA:28,56
DA:29,56
DA:30,130
DA:31,130
DA:35,61
DA:56,6
DA:57,6
DA:58,6
DA:59,6
DA:60,6
DA:61,6
DA:63,6
DA:65,6
DA:66,6
DA:67,6
DA:68,6
DA:69,6
DA:70,6
DA:72,6
DA:98,8
DA:99,8
DA:100,8
DA:102,8
DA:103,89
DA:104,89
DA:106,42
DA:107,42
DA:108,42
DA:110,42
DA:111,7
DA:113,7
DA:114,2
DA:117,35
DA:118,7
DA:119,28
DA:120,7
DA:121,21
DA:122,7
DA:123,14
DA:124,7
DA:125,7
DA:126,7
DA:130,42
DA:131,18
DA:133,42
DA:134,42
DA:136,47
DA:137,47
DA:141,8
DA:145,1
DA:146,1
LF:56
LH:56
BRDA:20,0,0,5
BRDA:20,1,0,10
BRDA:21,2,0,10
BRDA:21,2,1,51
BRDA:27,3,0,56
BRDA:27,3,1,5
BRDA:27,4,0,61
BRDA:27,4,1,56
BRDA:104,5,0,42
BRDA:104,5,1,47
BRDA:104,6,0,89
BRDA:104,6,1,82
BRDA:104,6,2,75
BRDA:104,6,3,68
BRDA:104,6,4,61
BRDA:104,6,5,54
BRDA:110,7,0,7
BRDA:110,7,1,35
BRDA:113,8,0,2
BRDA:113,8,1,5
BRDA:117,9,0,7
BRDA:117,9,1,28
BRDA:119,10,0,7
BRDA:119,10,1,21
BRDA:121,11,0,7
BRDA:121,11,1,14
BRDA:123,12,0,7
BRDA:123,12,1,7
BRDA:125,13,0,7
BRDA:125,13,1,0
BRDA:130,14,0,18
BRDA:130,14,1,24
BRF:32
BRH:31
end_of_record
